<?xml version="1.0" encoding="UTF-8"?>
<testsuite xmlns:xsi="http://www.w3.org/2001/XMLSchema-instance" xsi:noNamespaceSchemaLocation="https://maven.apache.org/surefire/maven-surefire-plugin/xsd/surefire-test-report.xsd" name="com.example.receiptprocessor.AppTest" time="0.544" tests="1" errors="1" skipped="0" failures="0">
  <properties>
[...]
</properties>
  <testcase name="testGetPoints" classname="com.example.receiptprocessor.AppTest" time="0.523">
    <error message="Cannot construct instance of `com.example.receiptprocessor.model.Receipt` (no Creators, like default constructor, exist): cannot deserialize from Object value (no delegate- or property-based Creator)&#10; at [Source: (String)&quot;{&#10;  &quot;retailer&quot;: &quot;M&amp;M Corner Market&quot;,&#10;  &quot;purchaseDate&quot;: &quot;2022-01-01&quot;,&#10;  &quot;purchaseTime&quot;: &quot;13:01&quot;,&#10;  &quot;items&quot;: [&#10;    {&#10;      &quot;shortDescription&quot;: &quot;Mountain Dew 12PK&quot;,&#10;      &quot;price&quot;: &quot;6.49&quot;&#10;    },&#10;    {&#10;      &quot;shortDescription&quot;: &quot;Doritos Nacho Cheese&quot;,&#10;      &quot;price&quot;: &quot;3.99&quot;&#10;    }&#10;  ],&#10;  &quot;total&quot;: &quot;10.48&quot;&#10;}&quot;; line: 2, column: 3]" type="com.fasterxml.jackson.databind.exc.InvalidDefinitionException"><![CDATA[com.fasterxml.jackson.databind.exc.InvalidDefinitionException: 
Cannot construct instance of `com.example.receiptprocessor.model.Receipt` (no Creators, like default constructor, exist): cannot deserialize from Object value (no delegate- or property-based Creator)
 at [Source: (String)"{
  "retailer": "M&M Corner Market",
  "purchaseDate": "2022-01-01",
  "purchaseTime": "13:01",
  "items": [
    {
      "shortDescription": "Mountain Dew 12PK",
      "price": "6.49"
    },
    {
      "shortDescription": "Doritos Nacho Cheese",
      "price": "3.99"
    }
  ],
  "total": "10.48"
}"; line: 2, column: 3]
	at com.example.receiptprocessor.AppTest.testGetPoints(AppTest.java:40)
]]></error>
  </testcase>
</testsuite>